Base path: C:/Program Files/Unity/Editor/Data
Cmd: getPlatforms
Cmd: compileSnippet
  api=8 type=0 insize=961 outsize=1169 kw= pd=UNITY_NO_LINEAR_COLORSPACE UNITY_ENABLE_REFLECTION_BUFFERS UNITY_PBS_USE_BRDF3 ok=1
Cmd: disassembleShader
  api=13 insize=1169 outsize=2845 ok=1
Cmd: compileSnippet
  api=1 type=0 insize=3675 outsize=292 kw=POINT pd=UNITY_ENABLE_REFLECTION_BUFFERS UNITY_PBS_USE_BRDF1 UNITY_SPECCUBE_BOX_PROJECTION UNITY_SPECCUBE_BLENDING ok=1
Cmd: disassembleShader
  api=9 insize=292 outsize=514 ok=1
Cmd: compileSnippet
  api=1 type=0 insize=3675 outsize=292 kw=SPOT pd=UNITY_ENABLE_REFLECTION_BUFFERS UNITY_PBS_USE_BRDF1 UNITY_SPECCUBE_BOX_PROJECTION UNITY_SPECCUBE_BLENDING ok=1
Cmd: disassembleShader
  api=9 insize=292 outsize=514 ok=1
Cmd: compileSnippet
  api=4 type=1 insize=3675 outsize=249 kw= pd=UNITY_ENABLE_REFLECTION_BUFFERS UNITY_PBS_USE_BRDF1 UNITY_SPECCUBE_BOX_PROJECTION UNITY_SPECCUBE_BLENDING ok=1
Cmd: disassembleShader
  api=17 insize=249 outsize=761 ok=1
Cmd: compileSnippet
  api=8 type=1 insize=3675 outsize=329 kw=POINT pd=UNITY_NO_LINEAR_COLORSPACE UNITY_ENABLE_REFLECTION_BUFFERS UNITY_PBS_USE_BRDF3 ok=1
Cmd: disassembleShader
  api=14 insize=329 outsize=892 ok=1
Cmd: disassembleShader
  api=9 insize=292 outsize=514 ok=1
Cmd: disassembleShader
  api=9 insize=292 outsize=514 ok=1
Cmd: disassembleShader
  api=14 insize=329 outsize=892 ok=1
Cmd: disassembleShader
  api=11 insize=128 outsize=152 ok=1
